Arguments: 
  /usr/local/bin/node /usr/local/bin/yarn add express

PATH: 
  /usr/local/opt/ruby/bin:/usr/local/opt/ruby/bin:/usr/local/bin:/usr/bin:/bin:/usr/sbin:/sbin:/Library/TeX/texbin:/usr/local/share/dotnet:~/.dotnet/tools:/Library/Apple/usr/bin:/Users/bimsina/src/flutter/bin:/Users/bimsina/Library/Android/sdk/platform-tools:'/Users/bimsina/Library/Python/3.7/bin':/Users/bimsina/.pub-cache/bin:/usr/local/Cellar/openvpn/2.5.0/sbin

Yarn version: 
  1.22.10

Node version: 
  12.18.3

Platform: 
  darwin x64

Trace: 
  Error: https://registry.yarnpkg.com/express: ETIMEDOUT
      at Timeout._onTimeout (/usr/local/lib/node_modules/yarn/lib/cli.js:141322:19)
      at listOnTimeout (internal/timers.js:549:17)
      at processTimers (internal/timers.js:492:7)

npm manifest: 
  {
    "name": "backend",
    "version": "1.0.0",
    "description": "",
    "main": "index.js",
    "scripts": {
      "test": "echo \"Error: no test specified\" && exit 1"
    },
    "keywords": [],
    "author": "",
    "license": "ISC"
  }

yarn manifest: 
  No manifest

Lockfile: 
  No lockfile
